<?xml version="1.0" encoding="utf-8"?><testsuites name="pytest tests"><testsuite name="pytest" errors="0" failures="0" skipped="0" tests="21" time="7.704" timestamp="2026-04-09T03:15:38.784382+00:00" hostname="agent-env-3a7438bf-0874-4b03-acd0-19860690b272"><testcase classname="tests.test_rbac.TestSuperadminLogin" name="test_superadmin_login_success" time="0.491" /><testcase classname="tests.test_rbac.TestSuperadminLogin" name="test_superadmin_login_invalid_credentials" time="0.346" /><testcase classname="tests.test_rbac.TestSuperadminUserManagement" name="test_superadmin_can_list_users" time="0.504" /><testcase classname="tests.test_rbac.TestSuperadminUserManagement" name="test_superadmin_can_create_operator" time="0.548" /><testcase classname="tests.test_rbac.TestSuperadminUserManagement" name="test_superadmin_can_create_admin" time="0.391" /><testcase classname="tests.test_rbac.TestSuperadminUserManagement" name="test_superadmin_can_access_settings" time="0.125" /><testcase classname="tests.test_rbac.TestAdminRole" name="test_admin_login_returns_admin_role" time="1.060" /><testcase classname="tests.test_rbac.TestAdminRole" name="test_admin_can_list_users" time="0.117" /><testcase classname="tests.test_rbac.TestAdminRole" name="test_admin_can_create_operator" time="0.347" /><testcase classname="tests.test_rbac.TestAdminRole" name="test_admin_cannot_create_admin" time="0.113" /><testcase classname="tests.test_rbac.TestAdminRole" name="test_admin_cannot_access_settings" time="0.106" /><testcase classname="tests.test_rbac.TestOperatorRole" name="test_operator_login_returns_operator_role" time="1.073" /><testcase classname="tests.test_rbac.TestOperatorRole" name="test_operator_cannot_list_users" time="0.140" /><testcase classname="tests.test_rbac.TestOperatorRole" name="test_operator_cannot_create_users" time="0.131" /><testcase classname="tests.test_rbac.TestOperatorRole" name="test_operator_cannot_access_settings" time="0.114" /><testcase classname="tests.test_rbac.TestOperatorRole" name="test_operator_can_access_dashboard" time="0.107" /><testcase classname="tests.test_rbac.TestOperatorRole" name="test_operator_can_access_bookings" time="0.140" /><testcase classname="tests.test_rbac.TestUserDeletion" name="test_superadmin_can_delete_operator" time="0.585" /><testcase classname="tests.test_rbac.TestUserDeletion" name="test_superadmin_can_delete_admin" time="0.454" /><testcase classname="tests.test_rbac.TestPublicEndpoints" name="test_public_config_accessible" time="0.113" /><testcase classname="tests.test_rbac.TestPublicEndpoints" name="test_public_programs_accessible" time="0.648" /></testsuite></testsuites>