<?xml version="1.0" encoding="utf-8"?><testsuites name="pytest tests"><testsuite name="pytest" errors="0" failures="0" skipped="0" tests="4" time="1.044" timestamp="2026-03-11T05:59:50.503799+00:00" hostname="agent-env-c80d4af0-2569-4245-a09a-7382fe139025"><testcase classname="backend.tests.test_landing_hero_settings" name="test_admin_settings_exposes_landing_hero_fields" time="0.693" /><testcase classname="backend.tests.test_landing_hero_settings" name="test_public_config_exposes_landing_hero_url" time="0.052" /><testcase classname="backend.tests.test_landing_hero_settings" name="test_landing_hero_url_update_reflects_in_public_config" time="0.114" /><testcase classname="backend.tests.test_landing_hero_settings" name="test_landing_hero_url_can_be_cleared" time="0.161" /></testsuite></testsuites>