<?xml version="1.0" encoding="utf-8"?><testsuites name="pytest tests"><testsuite name="pytest" errors="0" failures="0" skipped="0" tests="8" time="12.248" timestamp="2026-03-14T14:52:41.057153+00:00" hostname="agent-env-e7947540-1c25-4d01-89f9-81f712aefe4c"><testcase classname="backend.tests.test_file_upload_preview.TestFileUploadAndPreview" name="test_allowed_extensions_include_heic_heif" time="0.613" /><testcase classname="backend.tests.test_file_upload_preview.TestFileUploadAndPreview" name="test_booking_with_jpeg_stores_content_type" time="2.623" /><testcase classname="backend.tests.test_file_upload_preview.TestFileUploadAndPreview" name="test_document_preview_jpeg_returns_correct_content_type" time="2.679" /><testcase classname="backend.tests.test_file_upload_preview.TestFileUploadAndPreview" name="test_document_preview_pdf_returns_correct_content_type" time="2.065" /><testcase classname="backend.tests.test_file_upload_preview.TestFileUploadAndPreview" name="test_vaccination_certificate_content_type" time="2.337" /><testcase classname="backend.tests.test_file_upload_preview.TestFileUploadAndPreview" name="test_document_not_found_for_invalid_booking" time="0.500" /><testcase classname="backend.tests.test_file_upload_preview.TestFileUploadAndPreview" name="test_document_invalid_type_returns_400" time="0.575" /><testcase classname="backend.tests.test_file_upload_preview.TestFileUploadAndPreview" name="test_document_requires_authentication" time="0.823" /></testsuite></testsuites>