<?xml version="1.0" encoding="utf-8"?><testsuites name="pytest tests"><testsuite name="pytest" errors="0" failures="0" skipped="0" tests="13" time="3.763" timestamp="2026-03-14T05:36:42.887160+00:00" hostname="agent-env-e7947540-1c25-4d01-89f9-81f712aefe4c"><testcase classname="backend.tests.test_deposit_configuration.TestProgramDepositFields" name="test_public_programs_return_deposit_fields" time="0.191" /><testcase classname="backend.tests.test_deposit_configuration.TestProgramDepositFields" name="test_admin_programs_return_deposit_fields" time="0.504" /><testcase classname="backend.tests.test_deposit_configuration.TestProgramDepositFields" name="test_update_program_percentage_deposit" time="0.234" /><testcase classname="backend.tests.test_deposit_configuration.TestProgramDepositFields" name="test_update_program_fixed_deposit" time="0.322" /><testcase classname="backend.tests.test_deposit_configuration.TestBookingDepositComputation" name="test_bookings_return_deposit_amounts" time="0.118" /><testcase classname="backend.tests.test_deposit_configuration.TestBookingDepositComputation" name="test_booking_detail_returns_deposit_amounts" time="0.254" /><testcase classname="backend.tests.test_deposit_configuration.TestBookingDepositComputation" name="test_booking_snapshot_contains_deposit_config" time="0.110" /><testcase classname="backend.tests.test_deposit_configuration.TestDepositComputationLogic" name="test_percentage_deposit_computation" time="0.479" /><testcase classname="backend.tests.test_deposit_configuration.TestDepositComputationLogic" name="test_fixed_deposit_computation" time="0.427" /><testcase classname="backend.tests.test_deposit_configuration.TestDepositComputationLogic" name="test_fixed_deposit_capped_at_price" time="0.419" /><testcase classname="backend.tests.test_deposit_configuration.TestBackwardCompatibility" name="test_old_bookings_default_to_full_deposit" time="0.131" /><testcase classname="backend.tests.test_deposit_configuration.TestDashboardDepositMetrics" name="test_dashboard_returns_deposit_metrics" time="0.103" /><testcase classname="backend.tests.test_deposit_configuration.TestCleanup" name="test_restore_programs_to_defaults" time="0.423" /></testsuite></testsuites>