<?xml version="1.0" encoding="utf-8"?><testsuites name="pytest tests"><testsuite name="pytest" errors="0" failures="0" skipped="0" tests="8" time="3.621" timestamp="2026-03-14T06:06:11.929132+00:00" hostname="agent-env-e7947540-1c25-4d01-89f9-81f712aefe4c"><testcase classname="backend.tests.test_dashboard_financial_metrics.TestDashboardFinancialMetrics" name="test_dashboard_metrics_contain_financial_fields" time="0.458" /><testcase classname="backend.tests.test_dashboard_financial_metrics.TestDashboardFinancialMetrics" name="test_dashboard_metrics_contain_payment_counters" time="0.103" /><testcase classname="backend.tests.test_dashboard_financial_metrics.TestDashboardFinancialMetrics" name="test_dashboard_charts_contain_payment_breakdown" time="0.127" /><testcase classname="backend.tests.test_dashboard_financial_metrics.TestDashboardFinancialMetrics" name="test_dashboard_has_other_required_charts" time="0.107" /><testcase classname="backend.tests.test_dashboard_financial_metrics.TestDepositVerifiedEmail" name="test_deposit_verification_triggers_email_with_policy" time="1.823" /><testcase classname="backend.tests.test_dashboard_financial_metrics.TestBookingPaymentFields" name="test_bookings_contain_payment_fields" time="0.442" /><testcase classname="backend.tests.test_dashboard_financial_metrics.TestBookingPaymentFields" name="test_overall_payment_status_logic" time="0.112" /><testcase classname="backend.tests.test_dashboard_financial_metrics.TestTranslationKeys" name="test_translation_keys_exist_in_api_response" time="0.433" /></testsuite></testsuites>