<?xml version="1.0" encoding="utf-8"?><testsuites name="pytest tests"><testsuite name="pytest" errors="0" failures="0" skipped="0" tests="34" time="8.027" timestamp="2026-04-09T03:32:39.143551+00:00" hostname="agent-env-3a7438bf-0874-4b03-acd0-19860690b272"><testcase classname="backend.tests.test_rbac_endpoints.TestSuperadminEndpointAccess" name="test_superadmin_can_access_dashboard" time="0.645" /><testcase classname="backend.tests.test_rbac_endpoints.TestSuperadminEndpointAccess" name="test_superadmin_can_access_bookings" time="0.132" /><testcase classname="backend.tests.test_rbac_endpoints.TestSuperadminEndpointAccess" name="test_superadmin_can_access_settings" time="0.117" /><testcase classname="backend.tests.test_rbac_endpoints.TestSuperadminEndpointAccess" name="test_superadmin_can_access_programs" time="0.134" /><testcase classname="backend.tests.test_rbac_endpoints.TestSuperadminEndpointAccess" name="test_superadmin_can_access_capacity" time="0.117" /><testcase classname="backend.tests.test_rbac_endpoints.TestSuperadminEndpointAccess" name="test_superadmin_can_access_email_logs" time="0.111" /><testcase classname="backend.tests.test_rbac_endpoints.TestAdminEndpointAccess" name="test_admin_can_access_dashboard" time="1.821" /><testcase classname="backend.tests.test_rbac_endpoints.TestAdminEndpointAccess" name="test_admin_can_access_bookings" time="0.148" /><testcase classname="backend.tests.test_rbac_endpoints.TestAdminEndpointAccess" name="test_admin_can_access_email_logs" time="0.128" /><testcase classname="backend.tests.test_rbac_endpoints.TestAdminEndpointAccess" name="test_admin_can_access_programs_read" time="0.105" /><testcase classname="backend.tests.test_rbac_endpoints.TestAdminEndpointAccess" name="test_admin_can_access_capacity_read" time="0.106" /><testcase classname="backend.tests.test_rbac_endpoints.TestAdminEndpointRestrictions" name="test_admin_cannot_access_settings" time="0.121" /><testcase classname="backend.tests.test_rbac_endpoints.TestAdminEndpointRestrictions" name="test_admin_cannot_create_program" time="0.106" /><testcase classname="backend.tests.test_rbac_endpoints.TestAdminEndpointRestrictions" name="test_admin_cannot_update_program" time="0.212" /><testcase classname="backend.tests.test_rbac_endpoints.TestAdminEndpointRestrictions" name="test_admin_cannot_update_capacity" time="0.107" /><testcase classname="backend.tests.test_rbac_endpoints.TestOperatorEndpointAccess" name="test_operator_can_access_bookings" time="0.778" /><testcase classname="backend.tests.test_rbac_endpoints.TestOperatorEndpointAccess" name="test_operator_can_access_programs_read" time="0.109" /><testcase classname="backend.tests.test_rbac_endpoints.TestOperatorEndpointAccess" name="test_operator_can_access_capacity_read" time="0.115" /><testcase classname="backend.tests.test_rbac_endpoints.TestOperatorEndpointRestrictions" name="test_operator_cannot_access_dashboard" time="0.124" /><testcase classname="backend.tests.test_rbac_endpoints.TestOperatorEndpointRestrictions" name="test_operator_cannot_access_settings" time="0.111" /><testcase classname="backend.tests.test_rbac_endpoints.TestOperatorEndpointRestrictions" name="test_operator_cannot_create_program" time="0.106" /><testcase classname="backend.tests.test_rbac_endpoints.TestOperatorEndpointRestrictions" name="test_operator_cannot_update_capacity" time="0.105" /><testcase classname="backend.tests.test_rbac_endpoints.TestOperatorEndpointRestrictions" name="test_operator_cannot_access_email_logs" time="0.114" /><testcase classname="backend.tests.test_rbac_endpoints.TestOperatorEndpointRestrictions" name="test_operator_cannot_create_manual_booking" time="0.223" /><testcase classname="backend.tests.test_rbac_endpoints.TestOperatorFinancialDataStripping" name="test_operator_bookings_no_financial_fields" time="0.126" /><testcase classname="backend.tests.test_rbac_endpoints.TestOperatorFinancialDataStripping" name="test_operator_bookings_payment_status_simplified" time="0.107" /><testcase classname="backend.tests.test_rbac_endpoints.TestOperatorFinancialDataStripping" name="test_operator_booking_detail_no_financial_fields" time="0.227" /><testcase classname="backend.tests.test_rbac_endpoints.TestOperatorBookingUpdateRestrictions" name="test_operator_can_update_status_only" time="0.371" /><testcase classname="backend.tests.test_rbac_endpoints.TestOperatorBookingUpdateRestrictions" name="test_operator_cannot_update_payment_status" time="0.236" /><testcase classname="backend.tests.test_rbac_endpoints.TestOperatorBookingUpdateRestrictions" name="test_operator_cannot_update_internal_notes" time="0.240" /><testcase classname="backend.tests.test_rbac_endpoints.TestOperatorBookingUpdateRestrictions" name="test_operator_cannot_update_eligibility_status" time="0.222" /><testcase classname="backend.tests.test_rbac_endpoints.TestSuperadminVsAdminBookingsComparison" name="test_admin_bookings_has_financial_fields" time="0.112" /><testcase classname="backend.tests.test_rbac_endpoints.TestPublicEndpointsNoRegression" name="test_public_config_accessible" time="0.101" /><testcase classname="backend.tests.test_rbac_endpoints.TestPublicEndpointsNoRegression" name="test_public_programs_accessible" time="0.334" /></testsuite></testsuites>