<?xml version="1.0" encoding="utf-8"?><testsuites name="pytest tests"><testsuite name="pytest" errors="0" failures="0" skipped="0" tests="13" time="2.091" timestamp="2026-03-11T04:13:12.302022+00:00" hostname="agent-env-c80d4af0-2569-4245-a09a-7382fe139025"><testcase classname="backend.tests.test_enhancements_currency_landing" name="test_admin_settings_exposes_currency_and_landing_content" time="0.648" /><testcase classname="backend.tests.test_enhancements_currency_landing" name="test_currency_and_landing_changes_reflect_in_public_config" time="0.105" /><testcase classname="backend.tests.test_enhancements_currency_landing" name="test_price_related_email_logs_use_configured_currency_symbol" time="0.221" /><testcase classname="backend.tests.test_enhancements_currency_landing" name="test_capacity_and_bookings_support_weekly_operational_view" time="0.151" /><testcase classname="backend.tests.test_paws_training_api" name="test_public_endpoints_and_capacity_labels" time="0.099" /><testcase classname="backend.tests.test_paws_training_api" name="test_public_booking_requires_payment_and_vaccination_files" time="0.051" /><testcase classname="backend.tests.test_paws_training_api" name="test_protected_routes_block_unauthenticated" time="0.051" /><testcase classname="backend.tests.test_paws_training_api" name="test_admin_dashboard_loads_metrics_and_charts" time="0.058" /><testcase classname="backend.tests.test_paws_training_api" name="test_admin_bookings_lists_seeded_and_manual" time="0.103" /><testcase classname="backend.tests.test_paws_training_api" name="test_admin_booking_detail_and_status_update" time="0.202" /><testcase classname="backend.tests.test_paws_training_api" name="test_admin_programs_create_and_edit" time="0.110" /><testcase classname="backend.tests.test_paws_training_api" name="test_admin_capacity_load_and_save" time="0.104" /><testcase classname="backend.tests.test_paws_training_api" name="test_admin_settings_load_and_save" time="0.145" /></testsuite></testsuites>