<?xml version="1.0" encoding="utf-8"?><testsuites name="pytest tests"><testsuite name="pytest" errors="0" failures="0" skipped="0" tests="10" time="13.961" timestamp="2026-03-14T05:53:12.008553+00:00" hostname="agent-env-e7947540-1c25-4d01-89f9-81f712aefe4c"><testcase classname="backend.tests.test_deposit_first_payment_flow.TestPublicBookingCreatesToken" name="test_public_booking_has_final_payment_token" time="2.687" /><testcase classname="backend.tests.test_deposit_first_payment_flow.TestGetBookingByPaymentToken" name="test_get_booking_summary_returns_correct_fields" time="0.052" /><testcase classname="backend.tests.test_deposit_first_payment_flow.TestGetBookingByPaymentToken" name="test_invalid_token_returns_404" time="0.052" /><testcase classname="backend.tests.test_deposit_first_payment_flow.TestUploadFinalPaymentViaToken" name="test_upload_blocked_if_deposit_not_verified" time="0.116" /><testcase classname="backend.tests.test_deposit_first_payment_flow.TestDepositVerificationTriggersEmail" name="test_verify_deposit_triggers_email" time="1.624" /><testcase classname="backend.tests.test_deposit_first_payment_flow.TestFinalPaymentUploadAfterVerification" name="test_upload_final_payment_success" time="1.117" /><testcase classname="backend.tests.test_deposit_first_payment_flow.TestFinalPaymentUploadAfterVerification" name="test_re_upload_blocked" time="0.121" /><testcase classname="backend.tests.test_deposit_first_payment_flow.TestOverallPaymentStatusTransitions" name="test_payment_status_transitions" time="0.151" /><testcase classname="backend.tests.test_deposit_first_payment_flow.TestAdminNotificationOnFinalUpload" name="test_admin_notification_sent" time="4.916" /><testcase classname="backend.tests.test_deposit_first_payment_flow.TestEmailContainsCorrectPaymentLink" name="test_email_payment_link_format" time="3.091" /></testsuite></testsuites>