<?xml version="1.0" encoding="utf-8"?><testsuites name="pytest tests"><testsuite name="pytest" errors="0" failures="0" skipped="0" tests="11" time="7.107" timestamp="2026-03-14T15:36:49.359185+00:00" hostname="agent-env-3a7438bf-0874-4b03-acd0-19860690b272"><testcase classname="backend.tests.test_document_viewer.TestDocumentViewerAPI" name="test_valid_document_types" time="0.962" /><testcase classname="backend.tests.test_document_viewer.TestDocumentViewerAPI" name="test_invalid_document_type_returns_400" time="0.992" /><testcase classname="backend.tests.test_document_viewer.TestDocumentViewerAPI" name="test_requires_authentication" time="0.585" /><testcase classname="backend.tests.test_document_viewer.TestDocumentViewerAPI" name="test_invalid_token_rejected" time="0.560" /><testcase classname="backend.tests.test_document_viewer.TestDocumentViewerAPI" name="test_invalid_booking_id_returns_404" time="0.448" /><testcase classname="backend.tests.test_document_viewer.TestDocumentViewerAPI" name="test_missing_document_returns_404" time="0.583" /><testcase classname="backend.tests.test_document_viewer.TestDocumentViewerAPI" name="test_jpeg_returns_correct_content_type" time="0.573" /><testcase classname="backend.tests.test_document_viewer.TestDocumentViewerAPI" name="test_pdf_returns_correct_content_type" time="0.576" /><testcase classname="backend.tests.test_document_viewer.TestDocumentViewerAPI" name="test_png_returns_correct_content_type" time="0.622" /><testcase classname="backend.tests.test_document_viewer.TestDocumentViewerAPI" name="test_document_response_has_filename_header" time="0.555" /><testcase classname="backend.tests.test_document_viewer.TestDocumentViewerAPI" name="test_document_response_has_content" time="0.618" /></testsuite></testsuites>